{"message":"hello world","level":"info"}
{"message":"Express server listening on port 3002","level":"info"}
{"message":"hello world","level":"info"}
{"message":"Express server listening on port 3002","level":"info"}
{"message":"hello world","level":"info"}
{"message":"Express server listening on port 3002","level":"info"}
{"message":"hello world","level":"info"}
{"message":"Express server listening on port 3002","level":"info"}
{"message":"hello world","level":"info"}
{"message":"Express server listening on port 3002","level":"info"}
{"message":"hello world","level":"info"}
{"message":"Express server listening on port 3002","level":"info"}
{"message":"hello world","level":"info"}
{"message":"Express server listening on port 3002","level":"info"}
{"message":"hello world","level":"info"}
{"message":"Express server listening on port 3002","level":"info"}
info: hello world
info: Express server listening on port 3002
info: hello world
info: Express server listening on port 3002
info: hello world
info: hello world
info: hello world
info: hello world
info: hello world
info: hello world
info: Express server listening on port 3002
info: hello world
info: Express server listening on port 3002
info: Express server listening on port 3002
info: Express server listening on port 3002
info: Express server listening on port 3002
info: categories_get succeed
info: categories_get succeed
info: categories_get succeed
info: Express server listening on port 3002
info: categories_get succeed
info: categories_get succeed
info: categories_get succeed
info: Express server listening on port 3002
info: find and save
info: categories_get succeed
info: Express server listening on port 3002
info: find and save
info: categories_get succeed
info: Express server listening on port 3002
info: Express server listening on port 3002
info: Express server listening on port 3002
info: Express server listening on port 3002
info: find and redis
info: categories_get succeed
info: Express server listening on port 3002
info: Express server listening on port 3002
info: Express server listening on port 3002
info: find and redis
info: categories_get succeed
info: Express server listening on port 3002
info: Express server listening on port 3002
info: find and redis
info: categories_get succeed
info: find and redis
info: categories_get succeed
info: find and redis
info: categories_get succeed
info: find and redis
info: categories_get succeed
info: find and redis
info: categories_get succeed
info: Express server listening on port 3002
